<?xml version="1.0" encoding="UTF-8"?>
<!-- Generated by org.testng.reporters.JUnitReportReporter -->
<testsuite skipped="0" hostname="Amulya" name="testSuite.LoginPageSuite" tests="2" failures="0" timestamp="23 May 2018 07:50:22 GMT" time="33.689" errors="0">
  <testcase name="verifyWithValidLoginCredentials" time="14.946" classname="testSuite.LoginPageSuite"/>
  <testcase name="verifyWithoutValidLoginCredentials" time="18.743" classname="testSuite.LoginPageSuite"/>
</testsuite> <!-- testSuite.LoginPageSuite -->
